<?xml version="1.0" encoding="UTF-8"?>
<testsuite name="in.vivek.parking.dao.InMemorySingleSpotDaoTest" tests="3" skipped="0" failures="0" errors="0" timestamp="2023-01-23T03:30:26" hostname="Viveks-MacBook-Pro.local" time="0.021">
  <properties/>
  <testcase name="testSpotInitialization()" classname="in.vivek.parking.dao.InMemorySingleSpotDaoTest" time="0.015"/>
  <testcase name="testAllotAnUnAllot()" classname="in.vivek.parking.dao.InMemorySingleSpotDaoTest" time="0.003"/>
  <testcase name="testNoSpot()" classname="in.vivek.parking.dao.InMemorySingleSpotDaoTest" time="0.001"/>
  <system-out><![CDATA[]]></system-out>
  <system-err><![CDATA[]]></system-err>
</testsuite>
