<?xml version="1.0" encoding="UTF-8"?>
<testsuite name="in.vivek.parking.feestrategies.StadiumFeeStrategyTest" tests="1" skipped="0" failures="0" errors="0" timestamp="2023-01-23T03:30:26" hostname="Viveks-MacBook-Pro.local" time="0.018">
  <properties/>
  <testcase name="testComputeFee()" classname="in.vivek.parking.feestrategies.StadiumFeeStrategyTest" time="0.018"/>
  <system-out><![CDATA[]]></system-out>
  <system-err><![CDATA[]]></system-err>
</testsuite>
