<?xml version="1.0" encoding="UTF-8"?>
<testsuite name="in.vivek.parking.feestrategies.AirportFeeStrategyTest" tests="2" skipped="0" failures="0" errors="0" timestamp="2023-01-23T03:30:26" hostname="Viveks-MacBook-Pro.local" time="0.008">
  <properties/>
  <testcase name="computeFee()" classname="in.vivek.parking.feestrategies.AirportFeeStrategyTest" time="0.007"/>
  <testcase name="init()" classname="in.vivek.parking.feestrategies.AirportFeeStrategyTest" time="0.0"/>
  <system-out><![CDATA[]]></system-out>
  <system-err><![CDATA[]]></system-err>
</testsuite>
